{"level":"info","time":"2021-01-02T10:08:23+08:00","message":"查询成功！"}
{"level":"info","time":"2021-01-02T10:08:40+08:00","message":"查询成功！"}
{"level":"info","time":"2021-01-02T10:08:41+08:00","message":"查询成功！"}
{"level":"info","time":"2021-01-02T10:12:26+08:00","message":"查询成功！"}
{"level":"info","time":"2021-01-02T10:12:31+08:00","message":"查询成功！"}
{"level":"info","time":"2021-01-02T10:13:22+08:00","message":"查询成功！"}
{"level":"info","time":"2021-01-02T10:13:28+08:00","message":"查询成功！"}
{"level":"info","time":"2021-01-02T10:14:07+08:00","message":"查询成功！"}
{"level":"info","time":"2021-01-02T10:15:55+08:00","message":"查询成功！"}
{"level":"info","time":"2021-01-02T10:33:02+08:00","message":"数据查询成功"}
{"level":"info","time":"2021-01-02T10:40:08+08:00","message":"数据查询成功"}
{"level":"info","time":"2021-01-02T10:40:28+08:00","message":"数据查询成功"}
{"level":"info","time":"2021-01-02T10:41:27+08:00","message":"数据查询成功"}
{"level":"info","time":"2021-01-02T10:41:34+08:00","message":"数据查询成功"}
{"level":"info","time":"2021-01-02T10:43:52+08:00","message":"数据查询成功"}
{"level":"info","time":"2021-01-02T10:44:25+08:00","message":"数据查询成功"}
{"level":"info","time":"2021-01-02T10:45:31+08:00","message":"数据查询成功"}
{"level":"info","time":"2021-01-02T10:50:19+08:00","message":"数据查询成功"}
{"level":"info","time":"2021-01-02T10:52:44+08:00","message":"数据查询成功"}
{"level":"info","time":"2021-01-02T10:53:56+08:00","message":"数据查询成功"}
{"level":"info","time":"2021-01-02T10:54:09+08:00","message":"数据查询成功"}
{"level":"info","time":"2021-01-02T10:59:42+08:00","message":"数据查询成功"}
{"level":"info","time":"2021-01-02T10:59:54+08:00","message":"查询成功！"}
{"level":"info","time":"2021-01-02T10:59:59+08:00","message":"数据查询成功"}
{"level":"info","time":"2021-01-02T11:00:19+08:00","message":"查询成功！"}
{"level":"info","time":"2021-01-02T11:45:45+08:00","message":"查询成功！"}
{"level":"info","time":"2021-01-02T11:46:30+08:00","message":"查询成功！"}
{"level":"info","time":"2021-01-02T11:46:33+08:00","message":"查询成功！"}
{"level":"info","time":"2021-01-02T11:47:29+08:00","message":"查询成功！"}
{"level":"info","time":"2021-01-02T11:50:14+08:00","message":"查询成功！"}
{"level":"info","time":"2021-01-02T11:52:42+08:00","message":"查询成功！"}
{"level":"info","time":"2021-01-02T11:54:54+08:00","message":"查询成功！"}
{"level":"info","time":"2021-01-02T11:55:42+08:00","message":"查询成功！"}
{"level":"info","time":"2021-01-02T11:56:21+08:00","message":"查询成功！"}
{"level":"info","time":"2021-01-02T11:57:13+08:00","message":"查询成功！"}
{"level":"info","time":"2021-01-02T18:27:59+08:00","message":"查询成功！"}
{"level":"info","time":"2021-01-02T18:35:47+08:00","message":"查询成功！"}
{"level":"info","time":"2021-01-02T18:36:31+08:00","message":"查询成功！"}
{"level":"info","time":"2021-01-02T18:36:33+08:00","message":"查询成功！"}
{"level":"info","time":"2021-01-02T18:36:55+08:00","message":"查询成功！"}
{"level":"info","time":"2021-01-02T18:36:58+08:00","message":"查询成功！"}
{"level":"info","time":"2021-01-02T18:37:01+08:00","message":"查询成功！"}
{"level":"info","time":"2021-01-02T18:37:33+08:00","message":"查询成功！"}
{"level":"info","time":"2021-01-02T18:37:36+08:00","message":"查询成功！"}
{"level":"info","time":"2021-01-02T18:38:29+08:00","message":"查询成功！"}
{"level":"info","time":"2021-01-02T18:38:31+08:00","message":"查询成功！"}
{"level":"info","time":"2021-01-02T18:38:45+08:00","message":"查询成功！"}
{"level":"info","time":"2021-01-02T18:39:04+08:00","message":"查询成功！"}
{"level":"info","time":"2021-01-02T18:39:06+08:00","message":"查询成功！"}
{"level":"info","time":"2021-01-02T18:44:54+08:00","message":"查询成功！"}
{"level":"info","time":"2021-01-02T18:45:14+08:00","message":"查询成功！"}
{"level":"info","time":"2021-01-02T18:45:18+08:00","message":"查询成功！"}
{"level":"info","time":"2021-01-02T18:45:50+08:00","message":"查询成功！"}
{"level":"info","time":"2021-01-02T18:45:51+08:00","message":"查询成功！"}
{"level":"info","time":"2021-01-02T18:45:54+08:00","message":"查询成功！"}
{"level":"info","time":"2021-01-02T18:45:54+08:00","message":"查询成功！"}
{"level":"info","time":"2021-01-02T18:46:05+08:00","message":"查询成功！"}
{"level":"info","time":"2021-01-02T18:46:15+08:00","message":"查询成功！"}
{"level":"info","time":"2021-01-02T18:46:20+08:00","message":"查询成功！"}
{"level":"info","time":"2021-01-02T18:46:23+08:00","message":"查询成功！"}
{"level":"info","time":"2021-01-02T18:46:25+08:00","message":"查询成功！"}
{"level":"info","time":"2021-01-02T18:46:27+08:00","message":"查询成功！"}
{"level":"info","time":"2021-01-02T19:11:13+08:00","message":"查询成功！"}
{"level":"info","time":"2021-01-02T19:12:26+08:00","message":"查询成功！"}
{"level":"info","time":"2021-01-02T19:12:36+08:00","message":"查询成功！"}
{"level":"info","time":"2021-01-02T19:12:39+08:00","message":"查询成功！"}
{"level":"info","time":"2021-01-02T19:12:42+08:00","message":"查询成功！"}
{"level":"info","time":"2021-01-02T19:12:44+08:00","message":"查询成功！"}
{"level":"info","time":"2021-01-02T19:12:47+08:00","message":"查询成功！"}
{"level":"info","time":"2021-01-02T19:12:48+08:00","message":"查询成功！"}
{"level":"info","time":"2021-01-02T19:12:50+08:00","message":"查询成功！"}
{"level":"info","time":"2021-01-02T19:12:52+08:00","message":"查询成功！"}
{"level":"info","time":"2021-01-02T19:13:07+08:00","message":"查询成功！"}
{"level":"info","time":"2021-01-02T19:13:09+08:00","message":"查询成功！"}
{"level":"info","time":"2021-01-02T19:13:11+08:00","message":"查询成功！"}
{"level":"info","time":"2021-01-02T19:13:14+08:00","message":"查询成功！"}
{"level":"info","time":"2021-01-02T19:13:16+08:00","message":"查询成功！"}
{"level":"info","time":"2021-01-02T19:13:36+08:00","message":"查询成功！"}
{"level":"info","time":"2021-01-02T19:13:37+08:00","message":"查询成功！"}
{"level":"info","time":"2021-01-02T19:13:38+08:00","message":"查询成功！"}
{"level":"info","time":"2021-01-02T19:13:41+08:00","message":"查询成功！"}
{"level":"info","time":"2021-01-02T19:13:43+08:00","message":"查询成功！"}
{"level":"info","time":"2021-01-02T19:13:46+08:00","message":"查询成功！"}
{"level":"info","time":"2021-01-02T19:14:53+08:00","message":"查询成功！"}
{"level":"info","time":"2021-01-02T19:15:32+08:00","message":"查询成功！"}
{"level":"info","time":"2021-01-02T19:16:09+08:00","message":"查询成功！"}
{"level":"info","time":"2021-01-02T19:17:00+08:00","message":"查询成功！"}
{"level":"info","time":"2021-01-02T19:17:02+08:00","message":"查询成功！"}
{"level":"info","time":"2021-01-02T19:17:04+08:00","message":"查询成功！"}
{"level":"info","time":"2021-01-02T19:17:16+08:00","message":"查询成功！"}
{"level":"info","time":"2021-01-02T19:17:20+08:00","message":"查询成功！"}
{"level":"info","time":"2021-01-02T19:17:22+08:00","message":"查询成功！"}
{"level":"info","time":"2021-01-02T19:17:25+08:00","message":"查询成功！"}
{"level":"info","time":"2021-01-02T19:17:26+08:00","message":"查询成功！"}
{"level":"info","time":"2021-01-02T19:17:29+08:00","message":"查询成功！"}
{"level":"info","time":"2021-01-02T19:17:31+08:00","message":"查询成功！"}
{"level":"info","time":"2021-01-02T19:17:33+08:00","message":"查询成功！"}
{"level":"info","time":"2021-01-02T19:17:34+08:00","message":"查询成功！"}
{"level":"info","time":"2021-01-02T19:17:42+08:00","message":"查询成功！"}
{"level":"info","time":"2021-01-02T19:17:45+08:00","message":"查询成功！"}
{"level":"info","time":"2021-01-02T19:17:47+08:00","message":"查询成功！"}
{"level":"info","time":"2021-01-02T19:17:49+08:00","message":"查询成功！"}
{"level":"info","time":"2021-01-02T19:17:51+08:00","message":"查询成功！"}
{"level":"info","time":"2021-01-02T19:17:53+08:00","message":"查询成功！"}
{"level":"info","time":"2021-01-02T19:17:55+08:00","message":"查询成功！"}
{"level":"info","time":"2021-01-02T19:17:56+08:00","message":"查询成功！"}
{"level":"info","time":"2021-01-02T19:17:58+08:00","message":"查询成功！"}
{"level":"info","time":"2021-01-02T19:18:01+08:00","message":"查询成功！"}
{"level":"info","time":"2021-01-02T19:18:56+08:00","message":"查询成功！"}
{"level":"info","time":"2021-01-02T19:18:58+08:00","message":"查询成功！"}
{"level":"info","time":"2021-01-02T19:21:06+08:00","message":"查询成功！"}
{"level":"info","time":"2021-01-02T19:21:08+08:00","message":"查询成功！"}
{"level":"info","time":"2021-01-02T19:21:14+08:00","message":"查询成功！"}
{"level":"info","time":"2021-01-02T19:21:16+08:00","message":"查询成功！"}
{"level":"info","time":"2021-01-02T19:21:18+08:00","message":"查询成功！"}
{"level":"info","time":"2021-01-02T19:21:21+08:00","message":"查询成功！"}
{"level":"info","time":"2021-01-02T19:21:38+08:00","message":"查询成功！"}
{"level":"info","time":"2021-01-02T19:21:42+08:00","message":"查询成功！"}
{"level":"info","time":"2021-01-02T19:21:43+08:00","message":"查询成功！"}
{"level":"info","time":"2021-01-02T19:21:45+08:00","message":"查询成功！"}
{"level":"info","time":"2021-01-02T19:22:20+08:00","message":"查询成功！"}
{"level":"info","time":"2021-01-02T19:23:12+08:00","message":"查询成功！"}
{"level":"info","time":"2021-01-02T19:23:29+08:00","message":"查询成功！"}
{"level":"info","time":"2021-01-02T19:25:46+08:00","message":"查询成功！"}
{"level":"info","time":"2021-01-02T19:25:47+08:00","message":"查询成功！"}
{"level":"info","time":"2021-01-02T19:35:47+08:00","message":"查询成功！"}
{"level":"info","time":"2021-01-02T19:36:20+08:00","message":"查询成功！"}
{"level":"info","time":"2021-01-02T19:44:34+08:00","message":"查询成功！"}
{"level":"info","time":"2021-01-02T19:45:17+08:00","message":"查询成功！"}
{"level":"info","time":"2021-01-02T19:45:19+08:00","message":"查询成功！"}
{"level":"info","time":"2021-01-02T19:45:23+08:00","message":"查询成功！"}
{"level":"info","time":"2021-01-02T19:45:29+08:00","message":"查询成功！"}
{"level":"info","time":"2021-01-02T19:45:44+08:00","message":"查询成功！"}
{"level":"info","time":"2021-01-02T19:45:46+08:00","message":"查询成功！"}
{"level":"info","time":"2021-01-02T19:45:48+08:00","message":"查询成功！"}
{"level":"info","time":"2021-01-02T19:45:50+08:00","message":"数据查询成功"}
{"level":"info","time":"2021-01-02T19:45:58+08:00","message":"查询成功！"}
{"level":"info","time":"2021-01-02T19:47:18+08:00","message":"查询成功！"}
{"level":"info","time":"2021-01-02T19:47:23+08:00","message":"查询成功！"}
{"level":"info","time":"2021-01-02T19:48:45+08:00","message":"用户登录成功！"}
{"level":"info","time":"2021-01-02T20:13:00+08:00","message":"查询成功！"}
{"level":"info","time":"2021-01-02T20:18:33+08:00","message":"查询成功！"}
{"level":"info","time":"2021-01-02T20:27:43+08:00","message":"查询成功！"}
{"level":"info","time":"2021-01-02T20:30:25+08:00","message":"查询成功！"}
{"level":"info","time":"2021-01-02T20:36:08+08:00","message":"查询成功！"}
{"level":"info","time":"2021-01-02T20:41:56+08:00","message":"查询成功！"}
{"level":"info","time":"2021-01-02T20:41:56+08:00","message":"查询成功！"}
{"level":"info","time":"2021-01-02T20:42:13+08:00","message":"查询成功！"}
{"level":"info","time":"2021-01-02T20:42:59+08:00","message":"查询成功！"}
{"level":"info","time":"2021-01-02T20:43:23+08:00","message":"查询成功！"}
{"level":"info","time":"2021-01-02T20:43:47+08:00","message":"查询成功！"}
{"level":"info","time":"2021-01-02T20:43:47+08:00","message":"获取所有分类信息成功！"}
{"level":"info","time":"2021-01-02T20:44:49+08:00","message":"查询成功！"}
{"level":"info","time":"2021-01-02T20:44:49+08:00","message":"获取所有分类信息成功！"}
{"level":"info","time":"2021-01-02T20:47:36+08:00","message":"查询成功！"}
{"level":"info","time":"2021-01-02T20:47:36+08:00","message":"获取所有分类信息成功！"}
{"level":"info","time":"2021-01-02T20:49:57+08:00","message":"查询成功！"}
{"level":"info","time":"2021-01-02T20:49:57+08:00","message":"获取所有分类信息成功！"}
{"level":"info","time":"2021-01-02T20:50:57+08:00","message":"查询成功！"}
{"level":"info","time":"2021-01-02T20:50:57+08:00","message":"获取所有分类信息成功！"}
{"level":"info","time":"2021-01-02T20:51:54+08:00","message":"查询成功！"}
{"level":"info","time":"2021-01-02T20:51:54+08:00","message":"获取所有分类信息成功！"}
{"level":"info","time":"2021-01-02T20:52:59+08:00","message":"查询成功！"}
{"level":"info","time":"2021-01-02T20:53:00+08:00","message":"获取所有分类信息成功！"}
{"level":"info","time":"2021-01-02T20:55:19+08:00","message":"查询成功！"}
{"level":"info","time":"2021-01-02T20:55:19+08:00","message":"获取所有分类信息成功！"}
{"level":"info","time":"2021-01-02T20:55:42+08:00","message":"查询成功！"}
{"level":"info","time":"2021-01-02T20:55:42+08:00","message":"获取所有分类信息成功！"}
{"level":"info","time":"2021-01-02T20:56:11+08:00","message":"查询成功！"}
{"level":"info","time":"2021-01-02T20:56:11+08:00","message":"获取所有分类信息成功！"}
{"level":"info","time":"2021-01-02T20:58:42+08:00","message":"查询成功！"}
{"level":"info","time":"2021-01-02T20:58:42+08:00","message":"获取所有分类信息成功！"}
{"level":"info","time":"2021-01-02T20:59:52+08:00","message":"查询成功！"}
{"level":"info","time":"2021-01-02T20:59:52+08:00","message":"获取所有分类信息成功！"}
{"level":"info","time":"2021-01-02T21:00:03+08:00","message":"查询成功！"}
{"level":"info","time":"2021-01-02T21:00:03+08:00","message":"获取所有分类信息成功！"}
{"level":"info","time":"2021-01-02T21:05:17+08:00","message":"数据查询成功"}
{"level":"info","time":"2021-01-02T21:05:41+08:00","message":"修改成功！"}
{"level":"info","time":"2021-01-02T21:06:00+08:00","message":"查询成功！"}
{"level":"info","time":"2021-01-02T21:06:00+08:00","message":"获取所有分类信息成功！"}
{"level":"info","time":"2021-01-02T21:07:57+08:00","message":"数据查询成功"}
{"level":"info","time":"2021-01-02T21:07:57+08:00","message":"获取所有分类信息成功！"}
{"level":"info","time":"2021-01-02T21:08:17+08:00","message":"数据查询成功"}
{"level":"info","time":"2021-01-02T21:08:17+08:00","message":"获取所有分类信息成功！"}
{"level":"info","time":"2021-01-02T21:08:20+08:00","message":"查询成功！"}
{"level":"info","time":"2021-01-02T21:08:20+08:00","message":"获取所有分类信息成功！"}
{"level":"info","time":"2021-01-02T21:08:23+08:00","message":"数据查询成功"}
{"level":"info","time":"2021-01-02T21:08:23+08:00","message":"获取所有分类信息成功！"}
{"level":"info","time":"2021-01-02T21:09:09+08:00","message":"数据查询成功"}
{"level":"info","time":"2021-01-02T21:09:09+08:00","message":"获取所有分类信息成功！"}
{"level":"info","time":"2021-01-02T21:09:21+08:00","message":"查询成功！"}
{"level":"info","time":"2021-01-02T21:09:21+08:00","message":"获取所有分类信息成功！"}
{"level":"info","time":"2021-01-02T21:09:23+08:00","message":"数据查询成功"}
{"level":"info","time":"2021-01-02T21:09:23+08:00","message":"获取所有分类信息成功！"}
{"level":"info","time":"2021-01-02T21:09:28+08:00","message":"查询成功！"}
{"level":"info","time":"2021-01-02T21:09:28+08:00","message":"获取所有分类信息成功！"}
{"level":"info","time":"2021-01-02T21:16:22+08:00","message":"数据查询成功"}
{"level":"info","time":"2021-01-02T21:16:22+08:00","message":"获取所有分类信息成功！"}
{"level":"info","time":"2021-01-02T21:16:43+08:00","message":"数据查询成功"}
{"level":"info","time":"2021-01-02T21:16:43+08:00","message":"获取所有分类信息成功！"}
{"level":"info","time":"2021-01-02T21:16:46+08:00","message":"查询成功！"}
{"level":"info","time":"2021-01-02T21:16:46+08:00","message":"获取所有分类信息成功！"}
{"level":"info","time":"2021-01-02T21:16:50+08:00","message":"数据查询成功"}
{"level":"info","time":"2021-01-02T21:16:50+08:00","message":"获取所有分类信息成功！"}
{"level":"info","time":"2021-01-02T21:16:57+08:00","message":"查询成功！"}
{"level":"info","time":"2021-01-02T21:16:57+08:00","message":"获取所有分类信息成功！"}
{"level":"info","time":"2021-01-02T21:17:02+08:00","message":"数据查询成功"}
{"level":"info","time":"2021-01-02T21:17:02+08:00","message":"获取所有分类信息成功！"}
{"level":"info","time":"2021-01-02T21:17:17+08:00","message":"修改成功！"}
{"level":"info","time":"2021-01-02T21:17:20+08:00","message":"查询成功！"}
{"level":"info","time":"2021-01-02T21:17:20+08:00","message":"获取所有分类信息成功！"}
{"level":"info","time":"2021-01-02T21:17:24+08:00","message":"数据查询成功"}
{"level":"info","time":"2021-01-02T21:17:24+08:00","message":"获取所有分类信息成功！"}
{"level":"info","time":"2021-01-02T21:17:27+08:00","message":"查询成功！"}
{"level":"info","time":"2021-01-02T21:17:27+08:00","message":"获取所有分类信息成功！"}
{"level":"info","time":"2021-01-02T21:18:31+08:00","message":"查询成功！"}
{"level":"info","time":"2021-01-02T21:18:31+08:00","message":"获取所有分类信息成功！"}
{"level":"info","time":"2021-01-02T21:20:42+08:00","message":"查询成功！"}
{"level":"info","time":"2021-01-02T21:20:42+08:00","message":"获取所有分类信息成功！"}
{"level":"info","time":"2021-01-02T21:20:54+08:00","message":"数据查询成功"}
{"level":"info","time":"2021-01-02T21:20:54+08:00","message":"获取所有分类信息成功！"}
{"level":"info","time":"2021-01-02T21:21:00+08:00","message":"修改成功！"}
{"level":"info","time":"2021-01-02T21:22:04+08:00","message":"数据查询成功"}
{"level":"info","time":"2021-01-02T21:22:04+08:00","message":"获取所有分类信息成功！"}
{"level":"info","time":"2021-01-02T21:22:08+08:00","message":"修改成功！"}
{"level":"info","time":"2021-01-02T21:22:16+08:00","message":"修改成功！"}
{"level":"info","time":"2021-01-02T21:26:30+08:00","message":"数据查询成功"}
{"level":"info","time":"2021-01-02T21:26:31+08:00","message":"获取所有分类信息成功！"}
{"level":"info","time":"2021-01-02T21:26:40+08:00","message":"查询成功！"}
{"level":"info","time":"2021-01-02T21:26:40+08:00","message":"获取所有分类信息成功！"}
{"level":"info","time":"2021-01-02T21:27:06+08:00","message":"数据查询成功"}
{"level":"info","time":"2021-01-02T21:27:06+08:00","message":"获取所有分类信息成功！"}
{"level":"info","time":"2021-01-02T21:27:18+08:00","message":"修改成功！"}
{"level":"info","time":"2021-01-02T21:27:19+08:00","message":"查询成功！"}
{"level":"info","time":"2021-01-02T21:27:19+08:00","message":"获取所有分类信息成功！"}
{"level":"info","time":"2021-01-02T21:28:44+08:00","message":"数据查询成功"}
{"level":"info","time":"2021-01-02T21:28:44+08:00","message":"获取所有分类信息成功！"}
{"level":"info","time":"2021-01-02T21:29:29+08:00","message":"数据查询成功"}
{"level":"info","time":"2021-01-02T21:29:29+08:00","message":"获取所有分类信息成功！"}
{"level":"info","time":"2021-01-02T21:29:43+08:00","message":"修改成功！"}
{"level":"info","time":"2021-01-02T21:29:52+08:00","message":"查询成功！"}
{"level":"info","time":"2021-01-02T21:29:53+08:00","message":"获取所有分类信息成功！"}
{"level":"info","time":"2021-01-02T21:30:33+08:00","message":"数据查询成功"}
{"level":"info","time":"2021-01-02T21:30:33+08:00","message":"获取所有分类信息成功！"}
{"level":"info","time":"2021-01-02T21:32:03+08:00","message":"数据查询成功"}
{"level":"info","time":"2021-01-02T21:32:03+08:00","message":"获取所有分类信息成功！"}
{"level":"info","time":"2021-01-02T21:32:44+08:00","message":"修改成功！"}
{"level":"info","time":"2021-01-02T21:32:50+08:00","message":"查询成功！"}
{"level":"info","time":"2021-01-02T21:32:50+08:00","message":"获取所有分类信息成功！"}
{"level":"info","time":"2021-01-02T21:32:53+08:00","message":"数据查询成功"}
{"level":"info","time":"2021-01-02T21:32:53+08:00","message":"获取所有分类信息成功！"}
{"level":"info","time":"2021-01-02T21:36:53+08:00","message":"修改成功！"}
{"level":"info","time":"2021-01-02T21:36:55+08:00","message":"查询成功！"}
{"level":"info","time":"2021-01-02T21:36:55+08:00","message":"获取所有分类信息成功！"}
{"level":"info","time":"2021-01-02T21:36:57+08:00","message":"数据查询成功"}
{"level":"info","time":"2021-01-02T21:36:57+08:00","message":"获取所有分类信息成功！"}
{"level":"info","time":"2021-01-02T21:37:00+08:00","message":"查询成功！"}
{"level":"info","time":"2021-01-02T21:37:00+08:00","message":"获取所有分类信息成功！"}
