{"level":"info","time":"2021-01-03T15:13:27+08:00","message":"用户登录成功！"}
{"level":"info","time":"2021-01-03T15:13:28+08:00","message":"查询成功！"}
{"level":"info","time":"2021-01-03T15:13:28+08:00","message":"获取所有分类信息成功！"}
{"level":"info","time":"2021-01-03T15:42:25+08:00","message":"查询成功！"}
{"level":"info","time":"2021-01-03T15:42:25+08:00","message":"获取所有分类信息成功！"}
{"level":"info","time":"2021-01-03T15:42:57+08:00","message":"删除文章成功！"}
{"level":"info","time":"2021-01-03T15:44:09+08:00","message":"查询成功！"}
{"level":"info","time":"2021-01-03T15:44:10+08:00","message":"获取所有分类信息成功！"}
{"level":"info","time":"2021-01-03T15:44:17+08:00","message":"删除文章成功！"}
{"level":"info","time":"2021-01-03T15:45:28+08:00","message":"查询成功！"}
{"level":"info","time":"2021-01-03T15:45:28+08:00","message":"获取所有分类信息成功！"}
{"level":"info","time":"2021-01-03T15:46:01+08:00","message":"查询成功！"}
{"level":"info","time":"2021-01-03T15:46:01+08:00","message":"获取所有分类信息成功！"}
{"level":"info","time":"2021-01-03T16:20:27+08:00","message":"查询成功！"}
{"level":"info","time":"2021-01-03T16:20:27+08:00","message":"获取所有分类信息成功！"}
{"level":"info","time":"2021-01-03T16:21:29+08:00","message":"查询成功！"}
{"level":"info","time":"2021-01-03T16:21:29+08:00","message":"获取所有分类信息成功！"}
{"level":"info","time":"2021-01-03T16:21:44+08:00","message":"删除相应分类文章数据成功！"}
{"level":"info","time":"2021-01-03T16:21:44+08:00","message":"删除文章分类数据成功"}
{"level":"info","time":"2021-01-03T16:21:50+08:00","message":"查询成功！"}
{"level":"info","time":"2021-01-03T16:21:50+08:00","message":"获取所有分类信息成功！"}
{"level":"info","time":"2021-01-03T16:22:04+08:00","message":"删除相应分类文章数据成功！"}
{"level":"info","time":"2021-01-03T16:22:04+08:00","message":"删除文章分类数据成功"}
{"level":"info","time":"2021-01-03T16:22:07+08:00","message":"查询成功！"}
{"level":"info","time":"2021-01-03T16:22:07+08:00","message":"获取所有分类信息成功！"}
{"level":"info","time":"2021-01-03T16:22:18+08:00","message":"数据查询成功"}
{"level":"info","time":"2021-01-03T16:22:18+08:00","message":"获取所有分类信息成功！"}
{"level":"info","time":"2021-01-03T16:22:22+08:00","message":"查询成功！"}
{"level":"info","time":"2021-01-03T16:22:22+08:00","message":"获取所有分类信息成功！"}
{"level":"info","time":"2021-01-03T16:22:26+08:00","message":"删除相应分类文章数据成功！"}
{"level":"info","time":"2021-01-03T16:22:26+08:00","message":"删除文章分类数据成功"}
{"level":"info","time":"2021-01-03T16:22:32+08:00","message":"查询成功！"}
{"level":"info","time":"2021-01-03T16:22:32+08:00","message":"获取所有分类信息成功！"}
{"level":"info","time":"2021-01-03T16:36:30+08:00","message":"查询成功！"}
{"level":"info","time":"2021-01-03T16:36:30+08:00","message":"获取所有分类信息成功！"}
{"level":"info","time":"2021-01-03T17:06:37+08:00","message":"查询成功！"}
{"level":"info","time":"2021-01-03T17:06:38+08:00","message":"获取所有分类信息成功！"}
{"level":"info","time":"2021-01-03T17:09:51+08:00","message":"查询成功！"}
{"level":"info","time":"2021-01-03T17:09:51+08:00","message":"获取所有分类信息成功！"}
{"level":"info","time":"2021-01-03T17:11:44+08:00","message":"查询成功！"}
{"level":"info","time":"2021-01-03T17:11:45+08:00","message":"获取所有分类信息成功！"}
{"level":"info","time":"2021-01-03T17:57:27+08:00","message":"查询成功！"}
{"level":"info","time":"2021-01-03T17:57:27+08:00","message":"获取所有分类信息成功！"}
{"level":"info","time":"2021-01-03T18:55:29+08:00","message":"数据查询成功"}
{"level":"info","time":"2021-01-03T18:55:29+08:00","message":"获取所有分类信息成功！"}
{"level":"info","time":"2021-01-03T18:55:47+08:00","message":"用户登录成功！"}
{"level":"info","time":"2021-01-03T18:55:48+08:00","message":"查询成功！"}
{"level":"info","time":"2021-01-03T18:55:48+08:00","message":"获取所有分类信息成功！"}
{"level":"info","time":"2021-01-03T18:56:25+08:00","message":"查询成功！"}
{"level":"info","time":"2021-01-03T18:56:25+08:00","message":"获取所有分类信息成功！"}
{"level":"info","time":"2021-01-03T18:56:40+08:00","message":"查询成功！"}
{"level":"info","time":"2021-01-03T18:56:43+08:00","message":"数据查询成功"}
{"level":"info","time":"2021-01-03T18:56:51+08:00","message":"查询成功！"}
{"level":"info","time":"2021-01-03T18:56:54+08:00","message":"查询成功！"}
{"level":"info","time":"2021-01-03T18:56:56+08:00","message":"查询成功！"}
{"level":"info","time":"2021-01-03T18:56:57+08:00","message":"数据查询成功"}
{"level":"info","time":"2021-01-03T19:37:39+08:00","message":"查询成功！"}
{"level":"info","time":"2021-01-03T19:37:42+08:00","message":"数据查询成功"}
{"level":"info","time":"2021-01-03T19:38:06+08:00","message":"查询成功！"}
{"level":"info","time":"2021-01-03T19:38:10+08:00","message":"查询成功！"}
{"level":"info","time":"2021-01-03T19:38:11+08:00","message":"获取所有分类信息成功！"}
{"level":"info","time":"2021-01-03T19:38:23+08:00","message":"数据查询成功"}
{"level":"info","time":"2021-01-03T19:38:35+08:00","message":"查询成功！"}
{"level":"info","time":"2021-01-03T19:38:35+08:00","message":"获取所有分类信息成功！"}
{"level":"info","time":"2021-01-03T19:38:46+08:00","message":"查询成功！"}
{"level":"info","time":"2021-01-03T19:38:48+08:00","message":"查询成功！"}
{"level":"info","time":"2021-01-03T19:38:57+08:00","message":"数据查询成功"}
{"level":"info","time":"2021-01-03T19:38:58+08:00","message":"获取所有分类信息成功！"}
{"level":"info","time":"2021-01-03T19:39:09+08:00","message":"修改成功！"}
{"level":"info","time":"2021-01-03T19:40:48+08:00","message":"数据查询成功"}
{"level":"info","time":"2021-01-03T19:40:49+08:00","message":"获取所有分类信息成功！"}
{"level":"info","time":"2021-01-03T19:41:08+08:00","message":"查询成功！"}
{"level":"info","time":"2021-01-03T19:41:08+08:00","message":"获取所有分类信息成功！"}
{"level":"info","time":"2021-01-03T19:41:12+08:00","message":"数据查询成功"}
{"level":"info","time":"2021-01-03T19:41:13+08:00","message":"获取所有分类信息成功！"}
{"level":"info","time":"2021-01-03T19:41:22+08:00","message":"修改成功！"}
{"level":"info","time":"2021-01-03T19:41:27+08:00","message":"查询成功！"}
{"level":"info","time":"2021-01-03T19:41:27+08:00","message":"获取所有分类信息成功！"}
{"level":"info","time":"2021-01-03T19:41:33+08:00","message":"数据查询成功"}
{"level":"info","time":"2021-01-03T19:41:33+08:00","message":"获取所有分类信息成功！"}
{"level":"info","time":"2021-01-03T19:41:36+08:00","message":"查询成功！"}
{"level":"info","time":"2021-01-03T19:41:36+08:00","message":"获取所有分类信息成功！"}
{"level":"info","time":"2021-01-03T19:41:42+08:00","message":"数据查询成功"}
{"level":"info","time":"2021-01-03T19:41:42+08:00","message":"获取所有分类信息成功！"}
{"level":"info","time":"2021-01-03T19:42:02+08:00","message":"修改成功！"}
{"level":"info","time":"2021-01-03T19:42:04+08:00","message":"查询成功！"}
{"level":"info","time":"2021-01-03T19:42:04+08:00","message":"获取所有分类信息成功！"}
{"level":"info","time":"2021-01-03T19:42:07+08:00","message":"数据查询成功"}
{"level":"info","time":"2021-01-03T19:42:07+08:00","message":"获取所有分类信息成功！"}
{"level":"info","time":"2021-01-03T19:42:21+08:00","message":"查询成功！"}
{"level":"info","time":"2021-01-03T19:42:21+08:00","message":"获取所有分类信息成功！"}
{"level":"info","time":"2021-01-03T19:42:23+08:00","message":"数据查询成功"}
{"level":"info","time":"2021-01-03T19:42:23+08:00","message":"获取所有分类信息成功！"}
{"level":"info","time":"2021-01-03T19:42:37+08:00","message":"查询成功！"}
{"level":"info","time":"2021-01-03T19:42:56+08:00","message":"修改成功！"}
{"level":"info","time":"2021-01-03T19:42:57+08:00","message":"查询成功！"}
{"level":"info","time":"2021-01-03T19:42:58+08:00","message":"获取所有分类信息成功！"}
{"level":"info","time":"2021-01-03T19:43:00+08:00","message":"数据查询成功"}
{"level":"info","time":"2021-01-03T19:43:00+08:00","message":"获取所有分类信息成功！"}
{"level":"info","time":"2021-01-03T19:44:36+08:00","message":"查询成功！"}
{"level":"info","time":"2021-01-03T19:44:36+08:00","message":"获取所有分类信息成功！"}
{"level":"info","time":"2021-01-03T19:44:40+08:00","message":"数据查询成功"}
{"level":"info","time":"2021-01-03T19:44:40+08:00","message":"获取所有分类信息成功！"}
{"level":"info","time":"2021-01-03T19:44:54+08:00","message":"修改成功！"}
{"level":"info","time":"2021-01-03T19:45:31+08:00","message":"查询成功！"}
{"level":"info","time":"2021-01-03T19:45:31+08:00","message":"获取所有分类信息成功！"}
{"level":"info","time":"2021-01-03T19:45:36+08:00","message":"数据查询成功"}
{"level":"info","time":"2021-01-03T19:45:36+08:00","message":"获取所有分类信息成功！"}
{"level":"info","time":"2021-01-03T19:45:48+08:00","message":"修改成功！"}
{"level":"info","time":"2021-01-03T19:46:49+08:00","message":"查询成功！"}
{"level":"info","time":"2021-01-03T19:46:49+08:00","message":"获取所有分类信息成功！"}
{"level":"info","time":"2021-01-03T19:46:52+08:00","message":"数据查询成功"}
{"level":"info","time":"2021-01-03T19:46:52+08:00","message":"获取所有分类信息成功！"}
{"level":"info","time":"2021-01-03T19:46:54+08:00","message":"查询成功！"}
{"level":"info","time":"2021-01-03T19:46:54+08:00","message":"获取所有分类信息成功！"}
{"level":"info","time":"2021-01-03T19:46:56+08:00","message":"数据查询成功"}
{"level":"info","time":"2021-01-03T19:46:56+08:00","message":"获取所有分类信息成功！"}
{"level":"info","time":"2021-01-03T19:47:09+08:00","message":"修改成功！"}
{"level":"info","time":"2021-01-03T19:56:41+08:00","message":"查询成功！"}
{"level":"info","time":"2021-01-03T19:56:41+08:00","message":"获取所有分类信息成功！"}
{"level":"info","time":"2021-01-03T19:56:46+08:00","message":"数据查询成功"}
{"level":"info","time":"2021-01-03T19:56:46+08:00","message":"获取所有分类信息成功！"}
{"level":"info","time":"2021-01-03T19:57:06+08:00","message":"修改成功！"}
{"level":"info","time":"2021-01-03T19:57:08+08:00","message":"查询成功！"}
{"level":"info","time":"2021-01-03T19:57:08+08:00","message":"获取所有分类信息成功！"}
{"level":"info","time":"2021-01-03T19:57:12+08:00","message":"数据查询成功"}
{"level":"info","time":"2021-01-03T19:57:12+08:00","message":"获取所有分类信息成功！"}
{"level":"info","time":"2021-01-03T19:57:38+08:00","message":"查询成功！"}
{"level":"info","time":"2021-01-03T19:57:38+08:00","message":"获取所有分类信息成功！"}
{"level":"info","time":"2021-01-03T19:57:50+08:00","message":"数据查询成功"}
{"level":"info","time":"2021-01-03T19:57:50+08:00","message":"获取所有分类信息成功！"}
{"level":"info","time":"2021-01-03T19:57:53+08:00","message":"修改成功！"}
{"level":"info","time":"2021-01-03T19:57:55+08:00","message":"查询成功！"}
{"level":"info","time":"2021-01-03T19:57:55+08:00","message":"获取所有分类信息成功！"}
{"level":"info","time":"2021-01-03T19:58:00+08:00","message":"数据查询成功"}
{"level":"info","time":"2021-01-03T19:58:00+08:00","message":"获取所有分类信息成功！"}
{"level":"info","time":"2021-01-03T19:58:04+08:00","message":"修改成功！"}
{"level":"info","time":"2021-01-03T19:58:05+08:00","message":"查询成功！"}
{"level":"info","time":"2021-01-03T19:58:05+08:00","message":"获取所有分类信息成功！"}
{"level":"info","time":"2021-01-03T19:58:14+08:00","message":"查询成功！"}
{"level":"info","time":"2021-01-03T19:58:16+08:00","message":"查询成功！"}
{"level":"info","time":"2021-01-03T19:58:23+08:00","message":"查询成功！"}
{"level":"info","time":"2021-01-03T19:58:28+08:00","message":"数据查询成功"}
{"level":"info","time":"2021-01-03T19:58:31+08:00","message":"查询成功！"}
{"level":"info","time":"2021-01-03T20:04:21+08:00","message":"查询成功！"}
{"level":"info","time":"2021-01-03T20:04:22+08:00","message":"获取所有分类信息成功！"}
{"level":"info","time":"2021-01-03T20:05:00+08:00","message":"查询成功！"}
{"level":"info","time":"2021-01-03T20:05:00+08:00","message":"获取所有分类信息成功！"}
{"level":"info","time":"2021-01-03T20:05:41+08:00","message":"查询成功！"}
{"level":"info","time":"2021-01-03T20:05:41+08:00","message":"获取所有分类信息成功！"}
{"level":"info","time":"2021-01-03T20:07:19+08:00","message":"查询成功！"}
{"level":"info","time":"2021-01-03T20:07:19+08:00","message":"获取所有分类信息成功！"}
{"level":"info","time":"2021-01-03T20:07:31+08:00","message":"查询成功！"}
{"level":"info","time":"2021-01-03T20:07:31+08:00","message":"获取所有分类信息成功！"}
{"level":"info","time":"2021-01-03T20:07:37+08:00","message":"数据查询成功"}
{"level":"info","time":"2021-01-03T20:07:52+08:00","message":"查询成功！"}
{"level":"info","time":"2021-01-03T20:07:59+08:00","message":"查询成功！"}
{"level":"info","time":"2021-01-03T20:07:59+08:00","message":"获取所有分类信息成功！"}
{"level":"info","time":"2021-01-03T20:08:07+08:00","message":"查询成功！"}
{"level":"info","time":"2021-01-03T20:08:08+08:00","message":"获取所有分类信息成功！"}
{"level":"info","time":"2021-01-03T20:08:13+08:00","message":"数据查询成功"}
{"level":"info","time":"2021-01-03T20:08:17+08:00","message":"查询成功！"}
{"level":"info","time":"2021-01-03T20:08:29+08:00","message":"删除文章分类数据成功"}
{"level":"info","time":"2021-01-03T20:08:30+08:00","message":"查询成功！"}
{"level":"info","time":"2021-01-03T20:08:30+08:00","message":"获取所有分类信息成功！"}
{"level":"info","time":"2021-01-03T20:10:57+08:00","message":"查询成功！"}
{"level":"info","time":"2021-01-03T20:10:57+08:00","message":"获取所有分类信息成功！"}
{"level":"info","time":"2021-01-03T20:11:36+08:00","message":"删除文章分类数据成功"}
{"level":"info","time":"2021-01-03T20:11:37+08:00","message":"查询成功！"}
{"level":"info","time":"2021-01-03T20:11:38+08:00","message":"获取所有分类信息成功！"}
{"level":"info","time":"2021-01-03T20:11:44+08:00","message":"数据查询成功"}
{"level":"info","time":"2021-01-03T20:11:44+08:00","message":"获取所有分类信息成功！"}
{"level":"info","time":"2021-01-03T20:11:47+08:00","message":"查询成功！"}
{"level":"info","time":"2021-01-03T20:11:47+08:00","message":"获取所有分类信息成功！"}
{"level":"info","time":"2021-01-03T20:11:50+08:00","message":"数据查询成功"}
{"level":"info","time":"2021-01-03T20:11:50+08:00","message":"获取所有分类信息成功！"}
{"level":"info","time":"2021-01-03T20:11:51+08:00","message":"查询成功！"}
{"level":"info","time":"2021-01-03T20:11:51+08:00","message":"获取所有分类信息成功！"}
{"level":"info","time":"2021-01-03T20:11:58+08:00","message":"数据查询成功"}
{"level":"info","time":"2021-01-03T20:11:58+08:00","message":"获取所有分类信息成功！"}
{"level":"info","time":"2021-01-03T20:12:02+08:00","message":"查询成功！"}
{"level":"info","time":"2021-01-03T20:12:02+08:00","message":"获取所有分类信息成功！"}
